<?xml version="1.0" encoding="UTF-8"?>
<!-- Generated by org.testng.reporters.JUnitXMLReporter -->
<testsuite ignored="0" hostname="TSQA-L109" failures="0" tests="1" name="ChromeTest" time="0.072" errors="0" timestamp="2024-09-03T15:32:12 IST">
  <testcase classname="testSuite.BaseClass" name="@BeforeClass beforeClass" time="-1.72535773283E9">
    <failure type="org.testng.TestNGException" message="
Parameter &amp;apos;reqUrl&amp;apos; is required by BeforeClass on method beforeClass but has not been marked @Optional or defined
in D:\Bijilin\demoQA\demoQA\Cross.xml">
      <![CDATA[org.testng.TestNGException: 
Parameter 'reqUrl' is required by BeforeClass on method beforeClass but has not been marked @Optional or defined
in D:\Bijilin\demoQA\demoQA\Cross.xml
at java.base/java.util.ArrayList.forEach(ArrayList.java:1511)
at java.base/java.util.concurrent.FutureTask.run(FutureTask.java:264)
at java.base/java.util.concurrent.ThreadPoolExecutor.runWorker(ThreadPoolExecutor.java:1136)
at java.base/java.util.concurrent.ThreadPoolExecutor$Worker.run(ThreadPoolExecutor.java:635)
at java.base/java.lang.Thread.run(Thread.java:833)
... Removed 12 stack frames]]>
    </failure>
  </testcase> <!-- @BeforeClass beforeClass -->
  <testcase classname="testSuite.BaseClass" name="@BeforeClass beforeClass" time="-1.72535773283E9">
    <failure type="org.testng.TestNGException" message="
Parameter &amp;apos;reqUrl&amp;apos; is required by BeforeClass on method beforeClass but has not been marked @Optional or defined
in D:\Bijilin\demoQA\demoQA\Cross.xml">
      <![CDATA[org.testng.TestNGException: 
Parameter 'reqUrl' is required by BeforeClass on method beforeClass but has not been marked @Optional or defined
in D:\Bijilin\demoQA\demoQA\Cross.xml
at java.base/java.util.ArrayList.forEach(ArrayList.java:1511)
at java.base/java.util.concurrent.FutureTask.run(FutureTask.java:264)
at java.base/java.util.concurrent.ThreadPoolExecutor.runWorker(ThreadPoolExecutor.java:1136)
at java.base/java.util.concurrent.ThreadPoolExecutor$Worker.run(ThreadPoolExecutor.java:635)
at java.base/java.lang.Thread.run(Thread.java:833)
... Removed 12 stack frames]]>
    </failure>
  </testcase> <!-- @BeforeClass beforeClass -->
  <testcase classname="testSuite.BaseClass" name="@AfterClass afterClass" time="0.0">
    <skipped/>
  </testcase> <!-- @AfterClass afterClass -->
  <testcase classname="testSuite.BaseClass" name="@AfterClass afterClass" time="0.0">
    <skipped/>
  </testcase> <!-- @AfterClass afterClass -->
  <testcase classname="testSuite.TestAction01" name="tc_01_textBoxAction" time="0.0">
    <skipped/>
  </testcase> <!-- tc_01_textBoxAction -->
</testsuite> <!-- ChromeTest -->
